0 info it worked if it ends with ok
1 verbose cli [ '/usr/local/bin/node',
1 verbose cli   '/usr/local/bin/npm',
1 verbose cli   'install',
1 verbose cli   'Q',
1 verbose cli   '--save' ]
2 info using npm@1.4.21
3 info using node@v0.10.30
4 warn package.json ofi@1.0.0 No repository field.
5 verbose readDependencies using package.json deps
6 verbose cache add [ 'Q', null ]
7 verbose cache add name=undefined spec="Q" args=["Q",null]
8 verbose parsed url { protocol: null,
8 verbose parsed url   slashes: null,
8 verbose parsed url   auth: null,
8 verbose parsed url   host: null,
8 verbose parsed url   port: null,
8 verbose parsed url   hostname: null,
8 verbose parsed url   hash: null,
8 verbose parsed url   search: null,
8 verbose parsed url   query: null,
8 verbose parsed url   pathname: 'Q',
8 verbose parsed url   path: 'Q',
8 verbose parsed url   href: 'Q' }
9 silly lockFile c3156e00-Q Q
10 verbose lock Q /home/daffolap-40/.npm/c3156e00-Q.lock
11 silly lockFile c3156e00-Q Q
12 silly lockFile c3156e00-Q Q
13 verbose addNamed [ 'Q', '' ]
14 verbose addNamed [ null, '*' ]
15 silly lockFile 561e3931-Q Q@
16 verbose lock Q@ /home/daffolap-40/.npm/561e3931-Q.lock
17 silly addNameRange { name: 'Q', range: '*', hasData: false }
18 verbose request where is /Q
19 verbose request registry https://registry.npmjs.org/
20 verbose request id 808a07bd76ab8307
21 verbose url raw /Q
22 verbose url resolving [ 'https://registry.npmjs.org/', './Q' ]
23 verbose url resolved https://registry.npmjs.org/Q
24 verbose request where is https://registry.npmjs.org/Q
25 info trying registry request attempt 1 at 17:43:29
26 http GET https://registry.npmjs.org/Q
27 http 404 https://registry.npmjs.org/Q
28 silly registry.get cb [ 404,
28 silly registry.get   { 'content-type': 'application/json',
28 silly registry.get     'cache-control': 'max-age=0',
28 silly registry.get     'content-length': '2',
28 silly registry.get     'accept-ranges': 'bytes',
28 silly registry.get     date: 'Mon, 19 Oct 2015 12:13:08 GMT',
28 silly registry.get     via: '1.1 varnish',
28 silly registry.get     age: '0',
28 silly registry.get     connection: 'keep-alive',
28 silly registry.get     'x-served-by': 'cache-sin6923-SIN',
28 silly registry.get     'x-cache': 'MISS',
28 silly registry.get     'x-cache-hits': '0',
28 silly registry.get     'x-timer': 'S1445256787.334807,VS0,VE861' } ]
29 silly lockFile 561e3931-Q Q@
30 silly lockFile 561e3931-Q Q@
31 error 404 Not Found
31 error 404
31 error 404 'Q' is not in the npm registry.
31 error 404 You should bug the author to publish it
31 error 404 It was specified as a dependency of 'ofi'
31 error 404
31 error 404 Note that you can also install from a
31 error 404 tarball, folder, or http url, or git url.
32 error System Linux 3.13.0-24-generic
33 error command "/usr/local/bin/node" "/usr/local/bin/npm" "install" "Q" "--save"
34 error cwd /home/daffolap-40/Downloads/oneformindia
35 error node -v v0.10.30
36 error npm -v 1.4.21
37 error code E404
38 verbose exit [ 1, true ]
